<?xml version="1.0" encoding="UTF-8"?>
<testng-results ignored="0" total="2" passed="2" failed="0" skipped="0">
  <reporter-output>
  </reporter-output>
  <suite started-at="2024-07-07T18:28:32 IST" name="Default suite" finished-at="2024-07-07T18:28:51 IST" duration-ms="18715">
    <groups>
    </groups>
    <test started-at="2024-07-07T18:28:32 IST" name="Default test" finished-at="2024-07-07T18:28:51 IST" duration-ms="18715">
      <class name="Project.Sample.fb_test">
        <test-method signature="fb_Login(java.lang.String,java.lang.String)[pri:0, instance:Project.Sample.fb_test@6da21078]" started-at="2024-07-07T18:28:32 IST" name="fb_Login" data-provider="data" finished-at="2024-07-07T18:28:45 IST" duration-ms="12589" status="PASS">
          <params>
            <param index="0">
              <value>
                <![CDATA[8328204284]]>
              </value>
            </param>
            <param index="1">
              <value>
                <![CDATA[SruThi@2617]]>
              </value>
            </param>
          </params>
          <reporter-output>
          </reporter-output>
        </test-method> <!-- fb_Login -->
        <test-method signature="fb_Login(java.lang.String,java.lang.String)[pri:0, instance:Project.Sample.fb_test@6da21078]" started-at="2024-07-07T18:28:45 IST" name="fb_Login" data-provider="data" finished-at="2024-07-07T18:28:51 IST" duration-ms="6075" status="PASS">
          <params>
            <param index="0">
              <value>
                <![CDATA[1234567890]]>
              </value>
            </param>
            <param index="1">
              <value>
                <![CDATA[Test@1234]]>
              </value>
            </param>
          </params>
          <reporter-output>
          </reporter-output>
        </test-method> <!-- fb_Login -->
      </class> <!-- Project.Sample.fb_test -->
    </test> <!-- Default test -->
  </suite> <!-- Default suite -->
</testng-results>
